2026-06-02 23:37:20.670 -04:00|Info|push-notifications|NotificationManager: new params received url:  ws:wss://100.68.29.73:6969/notifierServer/getwebsocket/6a1fa113b41e7d14d8f4cc44
2026-06-02 23:37:24.552 -04:00|Info|push-notifications|LongPollingWebSocketRequest result Count:1839 MessageType:Text
2026-06-02 23:37:24.552 -04:00|Info|push-notifications|LongPollingWebSocketRequest received:1839
2026-06-02 23:37:24.561 -04:00|Info|push-notifications|Got notification | ChatMessageReceived
{
  "dialogId": "686eea254af06fe1f89b528a",
  "message": {
    "_id": "6a1fa174b41e7d14d8f4cccc",
    "uid": "686eea254af06fe1f89b528a",
    "type": 13,
    "dt": 1780457844,
    "text": "[SYSTEM NOTICE]\r\n-> Status: ACTIVE\r\n    WTT Armory Installation: DETECTED\r\n    Initializing Welcome Protocol...\r\n-> Status: DEPLOYING...\r\n    Dispensing Complimentary Item...\r\n-> Status: COMPLETE\r\n    User Input: NOT REQUIRED",
    "hasRewards": true,
    "rewardCollected": false,
    "items": {
      "stash": "6a1fa174b41e7d14d8f4cccd",
      "data": [
        {
          "_id": "6a1fa174b41e7d14d8f4ccce",
          "_tpl": "679f2453d1970258c1df3fce",
          "parentId": "6a1fa174b41e7d14d8f4cccd",
          "slotId": "main",
          "upd": {
            "Repairable": {
              "Durability": 100,
              "MaxDurability": 100
            },
            "FireMode": {
              "FireMode": "single"
            }
          }
        },
        {
          "_id": "6a1fa174b41e7d14d8f4cccf",
          "_tpl": "679f24d15ff75ca48f6462a2",
          "parentId": "6a1fa174b41e7d14d8f4ccce",
          "slotId": "mod_barrel"
        },
        {
          "_id": "6a1fa174b41e7d14d8f4ccd0",
          "_tpl": "679f24e723451339c041f28d",
          "parentId": "6a1fa174b41e7d14d8f4ccce",
          "slotId": "mod_reciever"
        },
        {
          "_id": "6a1fa174b41e7d14d8f4ccd1",
          "_tpl": "679f24e0434b197ed7a10468",
          "parentId": "6a1fa174b41e7d14d8f4ccce",
          "slotId": "mod_pistolgrip"
        },
        {
          "_id": "6a1fa174b41e7d14d8f4ccd2",
          "_tpl": "679f24edc0aba3ffa139b03f",
          "parentId": "6a1fa174b41e7d14d8f4ccce",
          "slotId": "mod_magazine"
        },
        {
          "_id": "6a1fa174b41e7d14d8f4ccd3",
          "_tpl": "679f24edc0aba3ffa139b03f",
          "parentId": "6a1fa174b41e7d14d8f4cccd",
          "slotId": "main"
        },
        {
          "_id": "6a1fa174b41e7d14d8f4ccd4",
          "_tpl": "679f24edc0aba3ffa139b03f",
          "parentId": "6a1fa174b41e7d14d8f4cccd",
          "slotId": "main"
        },
        {
          "_id": "6a1fa174b41e7d14d8f4ccd5",
          "_tpl": "657025a4bfc87b3a34093250",
          "parentId": "6a1fa174b41e7d14d8f4cccd",
          "slotId": "main"
        },
        {
          "_id": "6a1fa174b41e7d14d8f4ccd6",
          "_tpl": "58864a4f2459770fcc257101",
          "parentId": "6a1fa174b41e7d14d8f4ccd5",
          "slotId": "cartridges",
          "upd": {
            "StackObjectsCount": 50
          }
        }
      ]
    },
    "maxStorageTime": 172800
  },
  "type": "new_message",
  "eventId": "6a1fa174b41e7d14d8f4cccc"
}
2026-06-02 23:37:24.561 -04:00|Info|push-notifications|NotificationManager.ProcessMessage | Received notification: Type: ChatMessageReceived, Time: 0, Duration: Default, ShowNotification: False
2026-06-02 23:39:55.428 -04:00|Info|push-notifications|LongPollingWebSocketRequest canceled
2026-06-02 23:39:55.428 -04:00|Info|push-notifications|LongPollingWebSocketRequest webSocket disposed
